COMMAND: E:\laragon\bin\php\php-8.3.30-Win32-vs16-x64\php.exe artisan route:list
CWD: E:\projetos\DigiKash v1.0.5\DigiKash v1.0.5\core
EXIT_CODE: 0
--- STDOUT ---

  GET|HEAD        / ................................................................... home › Frontend\HomeController
  GET|HEAD        admin .......................................... admin.dashboard › Backend\DashboardController@index
  GET|HEAD        admin/activity-log ........................... admin.activity-log › Backend\ActivityController@index
  GET|HEAD        admin/alerts .................................... admin.alerts.index › Backend\AlertController@index
  GET|HEAD        admin/api-credentials ............ admin.api-credentials.index › Admin\ApiCredentialController@index
  POST            admin/api-credentials/generate admin.api-credentials.generate › Admin\ApiCredentialController@gener…
  POST            admin/api-credentials/{id}/revoke admin.api-credentials.revoke › Admin\ApiCredentialController@revo…
  POST            admin/api-credentials/{id}/rotate admin.api-credentials.rotate › Admin\ApiCredentialController@rota…
  GET|HEAD        admin/billing ............. admin.billing.dashboard › Admin\Billing\BillingDashboardController@index
  GET|HEAD        admin/billing/plans ................. admin.billing.plans.index › Admin\Billing\PlanController@index
  POST            admin/billing/plans ................. admin.billing.plans.store › Admin\Billing\PlanController@store
  GET|HEAD        admin/billing/plans/create ........ admin.billing.plans.create › Admin\Billing\PlanController@create
  PUT|PATCH       admin/billing/plans/{plan} ........ admin.billing.plans.update › Admin\Billing\PlanController@update
  DELETE          admin/billing/plans/{plan} ...... admin.billing.plans.destroy › Admin\Billing\PlanController@destroy
  GET|HEAD        admin/billing/plans/{plan}/edit ....... admin.billing.plans.edit › Admin\Billing\PlanController@edit
  GET|HEAD        admin/command-center .............. admin.operations.command › Backend\CommandCenterController@index
  GET|HEAD        admin/compliance ..................... admin.compliance.dashboard › Admin\ComplianceController@index
  GET|HEAD        admin/compliance/anomalies . admin.compliance.anomalies › Backend\ComplianceRiskController@anomalies
  POST            admin/compliance/anomalies/{id}/resolve admin.compliance.anomalies.resolve › Backend\ComplianceRisk…
  GET|HEAD        admin/compliance/audit ............. admin.compliance.audit › Backend\ComplianceRiskController@audit
  GET|HEAD        admin/compliance/blacklist . admin.compliance.blacklist › Backend\ComplianceRiskController@blacklist
  GET|HEAD        admin/compliance/fraud-engine admin.compliance.fraud_engine › Backend\ComplianceRiskController@frau…
  GET|HEAD        admin/compliance/risk-score admin.compliance.risk_score › Backend\ComplianceRiskController@riskScore
  GET|HEAD        admin/compliance/whitelist . admin.compliance.whitelist › Backend\ComplianceRiskController@whitelist
  GET|HEAD        admin/currency ............................. admin.currency.index › Backend\CurrencyController@index
  POST            admin/currency ............................. admin.currency.store › Backend\CurrencyController@store
  GET|HEAD        admin/currency/create .................... admin.currency.create › Backend\CurrencyController@create
  GET|HEAD        admin/currency/{currency} .................... admin.currency.show › Backend\CurrencyController@show
  PUT|PATCH       admin/currency/{currency} ................ admin.currency.update › Backend\CurrencyController@update
  DELETE          admin/currency/{currency} .............. admin.currency.destroy › Backend\CurrencyController@destroy
  GET|HEAD        admin/currency/{currency}/edit ............... admin.currency.edit › Backend\CurrencyController@edit
  GET|HEAD        admin/custom-landing ............ admin.custom-landing.index › Backend\CustomLandingController@index
  POST            admin/custom-landing ............ admin.custom-landing.store › Backend\CustomLandingController@store
  GET|HEAD        admin/custom-landing/create ... admin.custom-landing.create › Backend\CustomLandingController@create
  GET|HEAD        admin/custom-landing/{custom_landing} admin.custom-landing.show › Backend\CustomLandingController@s…
  PUT|PATCH       admin/custom-landing/{custom_landing} admin.custom-landing.update › Backend\CustomLandingController…
  DELETE          admin/custom-landing/{custom_landing} admin.custom-landing.destroy › Backend\CustomLandingControlle…
  GET|HEAD        admin/custom-landing/{custom_landing}/edit admin.custom-landing.edit › Backend\CustomLandingControl…
  GET|HEAD        admin/custom-landing/{id}/manage-html admin.custom-landing.manage-html › Backend\CustomLandingContr…
  POST            admin/custom-landing/{id}/manage-html-update admin.custom-landing.manage-html-update › Backend\Cust…
  GET|HEAD        admin/deposit/history .................... admin.deposit.history › Backend\DepositController@history
  GET|HEAD        admin/deposit/manual-request admin.deposit.manual-request › Backend\DepositController@manualRequest
  GET|HEAD        admin/deposit/method ............ admin.deposit.method.index › Backend\DepositMethodController@index
  POST            admin/deposit/method ............ admin.deposit.method.store › Backend\DepositMethodController@store
  GET|HEAD        admin/deposit/method/create ... admin.deposit.method.create › Backend\DepositMethodController@create
  PUT|PATCH       admin/deposit/method/{method} . admin.deposit.method.update › Backend\DepositMethodController@update
  DELETE          admin/deposit/method/{method} admin.deposit.method.destroy › Backend\DepositMethodController@destroy
  GET|HEAD        admin/deposit/method/{method}/edit admin.deposit.method.edit › Backend\DepositMethodController@edit
  POST            admin/deposit/request-action admin.deposit.request-action › Backend\DepositController@requestAction
  GET|HEAD        admin/finance/balances ................. admin.finance.balances › Backend\FinanceController@balances
  GET|HEAD        admin/finance/chargebacks ...... admin.finance.chargebacks › Backend\Finance\DisputeController@index
  GET|HEAD        admin/finance/chargebacks/{uuid} admin.finance.chargebacks.show › Backend\Finance\DisputeController…
  POST            admin/finance/chargebacks/{uuid}/close admin.finance.chargebacks.close › Backend\Finance\DisputeCon…
  POST            admin/finance/chargebacks/{uuid}/message admin.finance.chargebacks.message › Backend\Finance\Disput…
  POST            admin/finance/chargebacks/{uuid}/notify-merchant admin.finance.chargebacks.notify_merchant › Backen…
  POST            admin/finance/chargebacks/{uuid}/release-retention admin.finance.chargebacks.release_retention › Ba…
  POST            admin/finance/chargebacks/{uuid}/request-document admin.finance.chargebacks.request_document › Back…
  POST            admin/finance/chargebacks/{uuid}/send-gateway admin.finance.chargebacks.send_gateway › Backend\Fina…
  GET|HEAD        admin/finance/fees .................. admin.finance.fees.index › Backend\Finance\FeeController@index
  GET|HEAD        admin/finance/ledger ................. admin.finance.ledger › Backend\Finance\LedgerController@index
  GET|HEAD        admin/finance/liquidacao ........... admin.finance.liquidacao › Backend\FinanceController@liquidacao
  GET|HEAD        admin/finance/reconciliation admin.finance.reconciliation › Backend\Finance\ReconciliationControlle…
  GET|HEAD        admin/finance/refunds .................... admin.finance.refunds › Backend\FinanceController@refunds
  GET|HEAD        admin/finance/repasses ................. admin.finance.repasses › Backend\FinanceController@repasses
  GET|HEAD        admin/finance/settlements admin.finance.settlements.index › Backend\Finance\SettlementController@in…
  POST            admin/finance/settlements/{settlement}/pay admin.finance.settlements.pay › Backend\Finance\Settleme…
  GET|HEAD        admin/finance/tariffs ........................................................ admin.finance.tariffs
  GET|HEAD        admin/finance/transactions admin.finance.transactions.index › Backend\Finance\TransactionController…
  GET|HEAD        admin/forget-password admin.forget.password.now › Backend\Auth\ForgetPasswordController@showForgetP…
  POST            admin/forget-password admin.forget.password.submit › Backend\Auth\ForgetPasswordController@submitFo…
  GET|HEAD        admin/gateway-fees ................... admin.gateway-fees.index › Backend\GatewayFeeController@index
  POST            admin/gateway-fees/simulate/run admin.gateway-fees.simulate › Backend\GatewayFeeController@simulate
  POST            admin/gateway-fees/{id} ............ admin.gateway-fees.update › Backend\GatewayFeeController@update
  GET|HEAD        admin/gateway-fees/{id}/edit ........... admin.gateway-fees.edit › Backend\GatewayFeeController@edit
  GET|HEAD        admin/gateway/capabilities ........... admin.gateway.capabilities › Backend\GatewayManagerController
  GET|HEAD        admin/gateway/charges .... admin.gateway.charges.index › Backend\Gateway\AdminChargeController@index
  GET|HEAD        admin/gateway/charges/{id} . admin.gateway.charges.show › Backend\Gateway\AdminChargeController@show
  GET|HEAD        admin/gateway/connectivity ........... admin.gateway.connectivity › Backend\GatewayManagerController
  GET|HEAD        admin/gateway/fallback ................... admin.gateway.fallback › Backend\GatewayManagerController
  GET|HEAD        admin/gateway/logs ................. admin.gateway.logs › Backend\Gateway\GatewayLogController@index
  GET|HEAD        admin/gateway/monitor .................................................. admin.gateway.monitor.index
  GET|HEAD        admin/gateway/monitor/{id} ........... admin.gateway.monitor.show › Backend\GatewayManagerController
  GET|HEAD        admin/gateway/routing ..................... admin.gateway.routing › Backend\GatewayManagerController
  POST            admin/gateway/routing ............... admin.gateway.routing.store › Backend\GatewayManagerController
  GET|HEAD        admin/gateway/withdrawals admin.gateway.withdrawals.index › Backend\Gateway\AdminWithdrawalControll…
  GET|HEAD        admin/gateway/withdrawals/{id} admin.gateway.withdrawals.show › Backend\Gateway\AdminWithdrawalCont…
  GET|HEAD        admin/identity/devices ......... admin.identity.devices › Backend\IdentitySecurityController@devices
  GET|HEAD        admin/identity/login-logs . admin.identity.login_logs › Backend\IdentitySecurityController@loginLogs
  GET|HEAD        admin/identity/sessions ...... admin.identity.sessions › Backend\IdentitySecurityController@sessions
  GET|HEAD        admin/inbox ............................... admin.inbox.index › Backend\SupportInboxController@index
  GET|HEAD        admin/inbox/active ...................... admin.inbox.active › Backend\SupportInboxController@active
  GET|HEAD        admin/inbox/knowledge-base admin.inbox.knowledge_base › Backend\SupportInboxController@knowledgeBase
  GET|HEAD        admin/inbox/macros ...................... admin.inbox.macros › Backend\SupportInboxController@macros
  GET|HEAD        admin/inbox/metrics ................... admin.inbox.metrics › Backend\SupportInboxController@metrics
  GET|HEAD        admin/inbox/resolved ................ admin.inbox.resolved › Backend\SupportInboxController@resolved
  GET|HEAD        admin/inbox/unread ...................... admin.inbox.unread › Backend\SupportInboxController@unread
  POST            admin/kyc/action .................... admin.kyc.request-action › Backend\KycController@requestAction
  GET|HEAD        admin/kyc/document ....... admin.kyc.document.download › Backend\KycDocumentAdminController@download
  GET|HEAD        admin/kyc/index ...................................... admin.kyc.index › Backend\KycController@index
  GET|HEAD        admin/kyc/pending ................................ admin.kyc.pending › Backend\KycController@pending
  GET|HEAD        admin/kyc/template .................. admin.kyc.template.index › Backend\KycTemplateController@index
  POST            admin/kyc/template .................. admin.kyc.template.store › Backend\KycTemplateController@store
  PUT|PATCH       admin/kyc/template/{template} ..... admin.kyc.template.update › Backend\KycTemplateController@update
  DELETE          admin/kyc/template/{template} ... admin.kyc.template.destroy › Backend\KycTemplateController@destroy
  GET|HEAD        admin/kyc/template/{template}/edit .... admin.kyc.template.edit › Backend\KycTemplateController@edit
  GET|HEAD        admin/language ............................. admin.language.index › Backend\LanguageController@index
  POST            admin/language ............................. admin.language.store › Backend\LanguageController@store
  GET|HEAD        admin/language/create .................... admin.language.create › Backend\LanguageController@create
  GET|HEAD        admin/language/sync-missing-keys admin.language.sync-missing-keys › Backend\LanguageController@sync…
  POST            admin/language/translate-update admin.language.translate-update › Backend\LanguageController@transl…
  GET|HEAD        admin/language/translate/{code} .... admin.language.translate › Backend\LanguageController@translate
  GET|HEAD        admin/language/{language} .................... admin.language.show › Backend\LanguageController@show
  PUT|PATCH       admin/language/{language} ................ admin.language.update › Backend\LanguageController@update
  DELETE          admin/language/{language} .............. admin.language.destroy › Backend\LanguageController@destroy
  GET|HEAD        admin/language/{language}/edit ............... admin.language.edit › Backend\LanguageController@edit
  GET|HEAD        admin/ledger ..................................... admin.ledger.index › Admin\LedgerController@index
  POST            admin/ledger/export ............................ admin.ledger.export › Admin\LedgerController@export
  GET|HEAD        admin/ledger/timeline/{charge_id} .......... admin.ledger.timeline › Admin\LedgerController@timeline
  GET|HEAD        admin/lock ..................................... admin.lock › Backend\Auth\LockScreenController@lock
  GET|HEAD        admin/lock-screen .................. admin.lock-screen.show › Backend\Auth\LockScreenController@show
  POST            admin/lock-screen .............. admin.lock-screen.unlock › Backend\Auth\LockScreenController@unlock
  GET|HEAD        admin/login ............................... admin.login-view › Backend\Auth\AuthController@loginView
  POST            admin/login ................................. admin.login › Backend\Auth\AuthController@authenticate
  POST            admin/logout ..................................... admin.logout › Backend\Auth\AuthController@logout
  GET|HEAD        admin/logs ........................................................................ admin.logs.index
  GET|HEAD        admin/marketing/campaigns .......................................... admin.marketing.campaigns.index
  GET|HEAD        admin/merchant ............................. admin.merchant.index › Backend\MerchantController@index
  POST            admin/merchant ............................. admin.merchant.store › Backend\MerchantController@store
  GET|HEAD        admin/merchant/approved ...... admin.merchant.approved › Backend\MerchantController@approvedMerchant
  GET|HEAD        admin/merchant/create .................... admin.merchant.create › Backend\MerchantController@create
  GET|HEAD        admin/merchant/pending ......... admin.merchant.pending › Backend\MerchantController@pendingMerchant
  GET|HEAD        admin/merchant/rejected ...... admin.merchant.rejected › Backend\MerchantController@rejectedMerchant
  POST            admin/merchant/request-action admin.merchant.request-action › Backend\MerchantController@merchantAc…
  GET|HEAD        admin/merchant/{merchant} .................... admin.merchant.show › Backend\MerchantController@show
  PUT|PATCH       admin/merchant/{merchant} ................ admin.merchant.update › Backend\MerchantController@update
  DELETE          admin/merchant/{merchant} .............. admin.merchant.destroy › Backend\MerchantController@destroy
  GET|HEAD        admin/merchant/{merchant}/edit ............... admin.merchant.edit › Backend\MerchantController@edit
  POST            admin/navigation/position-update admin.navigation.position-update › Backend\NavigationController@po…
  GET|HEAD        admin/navigation/site ............. admin.navigation.site.index › Backend\NavigationController@index
  POST            admin/navigation/site ............. admin.navigation.site.store › Backend\NavigationController@store
  PUT|PATCH       admin/navigation/site/{site} .... admin.navigation.site.update › Backend\NavigationController@update
  DELETE          admin/navigation/site/{site} .. admin.navigation.site.destroy › Backend\NavigationController@destroy
  GET|HEAD        admin/navigation/site/{site}/edit ... admin.navigation.site.edit › Backend\NavigationController@edit
  GET|HEAD        admin/notifications ............... admin.notifications.index › Backend\NotificationController@index
  PATCH           admin/notifications/read-all admin.notifications.markAllAsRead › Backend\NotificationController@mar…
  GET|HEAD        admin/notifications/recent ...... admin.notifications.recent › Backend\NotificationController@recent
  GET|HEAD        admin/notifications/template admin.notifications.template.index › Backend\NotificationTemplateContr…
  PUT             admin/notifications/template/{template}/channel/{channel} admin.notifications.template.update › Bac…
  GET|HEAD        admin/notifications/template/{template}/edit admin.notifications.template.edit › Backend\Notificati…
  GET|HEAD        admin/notifications/to-users admin.notifications.notifyToUser › Backend\NotificationController@noti…
  POST            admin/notifications/to-users/send admin.notifications.notifyToUser.send › Backend\NotificationContr…
  PATCH           admin/notifications/{notification}/read admin.notifications.markAsRead › Backend\NotificationContro…
  GET|HEAD        admin/ops-dashboard ..................................................... admin.ops.legacy_dashboard
  POST            admin/ops-dashboard/kill-withdrawals .................................. admin.ops.toggle_withdrawals
  POST            admin/ops-dashboard/run-reconciliation ................................ admin.ops.run_reconciliation
  POST            admin/ops-dashboard/verify-ledger .......................................... admin.ops.verify_ledger
  GET|HEAD        admin/ops/alerts .................................. admin.ops.alerts › Admin\OpsController@getAlerts
  POST            admin/ops/alerts/{id}/resolve .......... admin.ops.alerts.resolve › Admin\OpsController@resolveAlert
  GET|HEAD        admin/ops/dashboard ............................ admin.ops.dashboard › Admin\OpsController@dashboard
  GET|HEAD        admin/ops/incidents ...................... admin.ops.incidents › Backend\OpsIncidentController@index
  GET|HEAD        admin/ops/incidents/data ............... admin.ops.incidents.data › Admin\OpsController@getIncidents
  GET|HEAD        admin/ops/maintenance ............ admin.ops.maintenance › Admin\OpsController@getMaintenanceWindows
  GET|HEAD        admin/ops/metrics/api .................... admin.ops.metrics.api › Admin\OpsController@getApiMetrics
  GET|HEAD        admin/ops/metrics/circuit-breaker admin.ops.metrics.circuit_breaker › Admin\OpsController@getCircui…
  GET|HEAD        admin/ops/metrics/costs ............. admin.ops.metrics.costs › Admin\OpsController@getPlatformCosts
  GET|HEAD        admin/ops/metrics/features ........ admin.ops.metrics.features › Admin\OpsController@getFeatureUsage
  GET|HEAD        admin/ops/metrics/gateways ...... admin.ops.metrics.gateways › Admin\OpsController@getGatewayMetrics
  GET|HEAD        admin/ops/metrics/queues ............ admin.ops.metrics.queues › Admin\OpsController@getQueueMetrics
  GET|HEAD        admin/ops/metrics/scheduler .. admin.ops.metrics.scheduler › Admin\OpsController@getSchedulerMetrics
  GET|HEAD        admin/ops/metrics/sla .................... admin.ops.metrics.sla › Admin\OpsController@getSlaMetrics
  GET|HEAD        admin/page/component ............ admin.page.component.index › Backend\PageComponentController@index
  POST            admin/page/component ............ admin.page.component.store › Backend\PageComponentController@store
  POST            admin/page/component-repeated-content admin.page.component-repeated-content.store › Backend\PageCom…
  PUT|PATCH       admin/page/component-repeated-content/{component_repeated_content} admin.page.component-repeated-co…
  DELETE          admin/page/component-repeated-content/{component_repeated_content} admin.page.component-repeated-co…
  GET|HEAD        admin/page/component-repeated-content/{component_repeated_content}/edit admin.page.component-repeat…
  GET|HEAD        admin/page/component/create ... admin.page.component.create › Backend\PageComponentController@create
  PUT|PATCH       admin/page/component/{component} admin.page.component.update › Backend\PageComponentController@upda…
  DELETE          admin/page/component/{component} admin.page.component.destroy › Backend\PageComponentController@des…
  GET|HEAD        admin/page/component/{component}/edit admin.page.component.edit › Backend\PageComponentController@e…
  GET|HEAD        admin/page/footer/item ........... admin.page.footer.item.index › Backend\FooterItemController@index
  POST            admin/page/footer/item ........... admin.page.footer.item.store › Backend\FooterItemController@store
  POST            admin/page/footer/item/position-update admin.page.footer.item.position-update › Backend\FooterItemC…
  PUT|PATCH       admin/page/footer/item/{item} .. admin.page.footer.item.update › Backend\FooterItemController@update
  DELETE          admin/page/footer/item/{item} admin.page.footer.item.destroy › Backend\FooterItemController@destroy
  GET|HEAD        admin/page/footer/item/{item}/edit . admin.page.footer.item.edit › Backend\FooterItemController@edit
  GET|HEAD        admin/page/footer/section .. admin.page.footer.section.index › Backend\FooterSectionController@index
  POST            admin/page/footer/section .. admin.page.footer.section.store › Backend\FooterSectionController@store
  POST            admin/page/footer/section/position-update admin.page.footer.section.position-update › Backend\Foote…
  PUT|PATCH       admin/page/footer/section/{section} admin.page.footer.section.update › Backend\FooterSectionControl…
  DELETE          admin/page/footer/section/{section} admin.page.footer.section.destroy › Backend\FooterSectionContro…
  GET|HEAD        admin/page/footer/section/{section}/edit admin.page.footer.section.edit › Backend\FooterSectionCont…
  GET|HEAD        admin/page/site ............................... admin.page.site.index › Backend\PageController@index
  POST            admin/page/site ............................... admin.page.site.store › Backend\PageController@store
  GET|HEAD        admin/page/site/create ...................... admin.page.site.create › Backend\PageController@create
  PUT|PATCH       admin/page/site/{site} ...................... admin.page.site.update › Backend\PageController@update
  DELETE          admin/page/site/{site} .................... admin.page.site.destroy › Backend\PageController@destroy
  GET|HEAD        admin/page/site/{site}/edit ..................... admin.page.site.edit › Backend\PageController@edit
  GET|HEAD        admin/payment/gateway ......... admin.payment.gateway.index › Backend\PaymentGatewayController@index
  POST            admin/payment/gateway ......... admin.payment.gateway.store › Backend\PaymentGatewayController@store
  GET|HEAD        admin/payment/gateway-currency/{gateway_id} admin.payment.gateway-currency › Backend\PaymentGateway…
  PUT|PATCH       admin/payment/gateway/{gateway} admin.payment.gateway.update › Backend\PaymentGatewayController@upd…
  GET|HEAD        admin/payment/gateway/{gateway}/edit admin.payment.gateway.edit › Backend\PaymentGatewayController@…
  GET|HEAD        admin/payment/gateway/{id}/charge-methods admin.payment.gateway.charge-methods › Backend\PaymentGat…
  GET|HEAD        admin/payment/gateway/{id}/credentials admin.payment.gateway.credentials › Backend\PaymentGatewayCo…
  POST            admin/payment/gateway/{id}/credentials admin.payment.gateway.update-credentials › Backend\PaymentGa…
  POST            admin/payment/gateway/{id}/deposit-method admin.payment.gateway.store-deposit-method › Backend\Paym…
  GET|HEAD        admin/payment/gateway/{id}/fees-limits admin.payment.gateway.fees-limits › Backend\PaymentGatewayCo…
  GET|HEAD        admin/payment/gateway/{id}/health admin.payment.gateway.health › Backend\PaymentGatewayController@s…
  GET|HEAD        admin/payment/gateway/{id}/logs admin.payment.gateway.logs › Backend\PaymentGatewayController@setti…
  GET|HEAD        admin/payment/gateway/{id}/overview admin.payment.gateway.overview › Backend\PaymentGatewayControll…
  POST            admin/payment/gateway/{id}/pix-charge admin.payment.gateway.update-pix-charge › Backend\PaymentGate…
  POST            admin/payment/gateway/{id}/pix-withdraw admin.payment.gateway.update-pix-withdraw › Backend\Payment…
  GET|HEAD        admin/payment/gateway/{id}/routing admin.payment.gateway.routing › Backend\PaymentGatewayController…
  POST            admin/payment/gateway/{id}/routing admin.payment.gateway.update-routing › Backend\PaymentGatewayCon…
  GET|HEAD        admin/payment/gateway/{id}/settings ................................. admin.payment.gateway.settings
  POST            admin/payment/gateway/{id}/taxes admin.payment.gateway.update-taxes › Backend\PaymentGatewayControl…
  GET|HEAD        admin/payment/gateway/{id}/webhooks admin.payment.gateway.webhooks › Backend\PaymentGatewayControll…
  POST            admin/payment/gateway/{id}/withdraw-method admin.payment.gateway.store-withdraw-method › Backend\Pa…
  GET|HEAD        admin/payment/gateway/{id}/withdraw-methods admin.payment.gateway.withdraw-methods › Backend\Paymen…
  GET|HEAD        admin/platform-fees ............ admin.platform-fees.index › Backend\PlatformFeeRuleController@index
  POST            admin/platform-fees/global admin.platform-fees.global.store › Backend\PlatformFeeRuleController@sto…
  POST            admin/platform-fees/merchant admin.platform-fees.merchant.store › Backend\PlatformFeeRuleController…
  POST            admin/platform-fees/simulate admin.platform-fees.simulate › Backend\PlatformFeeRuleController@simul…
  PATCH           admin/platform-fees/{rule}/deactivate admin.platform-fees.deactivate › Backend\PlatformFeeRuleContr…
  GET|HEAD        admin/platform/changelog ........... admin.platform.changelog › Backend\PlatformController@changelog
  GET|HEAD        admin/platform/feature-flags admin.platform.feature_flags › Backend\PlatformController@featureFlags
  GET|HEAD        admin/platform/versioning ........ admin.platform.versioning › Backend\PlatformController@versioning
  POST            admin/profile/2fa/disable ........... admin.profile.2fa.disable › Backend\AdminController@disable2fa
  POST            admin/profile/2fa/enable .............. admin.profile.2fa.enable › Backend\AdminController@enable2fa
  POST            admin/profile/info-update ........... admin.profile.info.update › Backend\AdminController@updateInfo
  POST            admin/profile/password-update admin.profile.password.update › Backend\AdminController@updatePassword
  GET|HEAD        admin/profile/profile ......................... admin.profile.view › Backend\AdminController@profile
  GET|HEAD        admin/ranking ............................... admin.ranking.index › Backend\UserRankController@index
  POST            admin/ranking ............................... admin.ranking.store › Backend\UserRankController@store
  PUT|PATCH       admin/ranking/{ranking} ................... admin.ranking.update › Backend\UserRankController@update
  GET|HEAD        admin/ranking/{ranking}/edit .................. admin.ranking.edit › Backend\UserRankController@edit
  GET|HEAD        admin/referral/card-content ... admin.referral.card.content › Backend\ReferralController@cardContent
  POST            admin/referral/content-update admin.referral.content.update › Backend\ReferralController@contentUpd…
  DELETE          admin/referral/delete/{id} .............. admin.referral.delete › Backend\ReferralController@destroy
  GET|HEAD        admin/referral/edit/{id} ..................... admin.referral.edit › Backend\ReferralController@edit
  GET|HEAD        admin/referral/index ....................... admin.referral.index › Backend\ReferralController@index
  PATCH           admin/referral/status-update/{type}/{status} admin.referral.status-update › Backend\ReferralControl…
  POST            admin/referral/store ....................... admin.referral.store › Backend\ReferralController@store
  POST            admin/referral/update/{id} ............... admin.referral.update › Backend\ReferralController@update
  GET|HEAD        admin/reports ................................. admin.reports.index › Backend\ReportController@index
  POST            admin/reset-password admin.reset.password.submit › Backend\Auth\ForgetPasswordController@submitRese…
  GET|HEAD        admin/reset-password/{token} admin.reset.password.now › Backend\Auth\ForgetPasswordController@showR…
  GET|HEAD        admin/role ......................................... admin.role.index › Backend\RoleController@index
  POST            admin/role ......................................... admin.role.store › Backend\RoleController@store
  GET|HEAD        admin/role/create ................................ admin.role.create › Backend\RoleController@create
  GET|HEAD        admin/role/{role} .................................... admin.role.show › Backend\RoleController@show
  PUT|PATCH       admin/role/{role} ................................ admin.role.update › Backend\RoleController@update
  DELETE          admin/role/{role} .............................. admin.role.destroy › Backend\RoleController@destroy
  GET|HEAD        admin/role/{role}/edit ............................... admin.role.edit › Backend\RoleController@edit
  GET|HEAD        admin/settings/platform .............................................. admin.settings.platform.index
  GET|HEAD        admin/settings/platform-fee ...................................... admin.settings.platform_fee.index
  POST            admin/settings/platform-fee/boleto admin.settings.platform_fee.update_boleto › Backend\PlatformFeeC…
  POST            admin/settings/platform-fee/card admin.settings.platform_fee.update_card › Backend\PlatformFeeContr…
  POST            admin/settings/platform-fee/pix admin.settings.platform_fee.update_pix › Backend\PlatformFeeControl…
  GET|HEAD        admin/settings/site .................... admin.settings.site.index › Backend\SettingController@index
  PUT|PATCH       admin/settings/site/{site} ........... admin.settings.site.update › Backend\SettingController@update
  GET|HEAD        admin/site-seo .............................. admin.site-seo.index › Backend\SiteSeoController@index
  POST            admin/site-seo .............................. admin.site-seo.store › Backend\SiteSeoController@store
  GET|HEAD        admin/site-seo/create ..................... admin.site-seo.create › Backend\SiteSeoController@create
  PUT|PATCH       admin/site-seo/{site_seo} ................. admin.site-seo.update › Backend\SiteSeoController@update
  DELETE          admin/site-seo/{site_seo} ............... admin.site-seo.destroy › Backend\SiteSeoController@destroy
  GET|HEAD        admin/site-seo/{site_seo}/edit ................ admin.site-seo.edit › Backend\SiteSeoController@edit
  GET|HEAD        admin/social ................................... admin.social.index › Backend\SocialController@index
  POST            admin/social ................................... admin.social.store › Backend\SocialController@store
  PUT|PATCH       admin/social/{social} ........................ admin.social.update › Backend\SocialController@update
  DELETE          admin/social/{social} ...................... admin.social.destroy › Backend\SocialController@destroy
  GET|HEAD        admin/social/{social}/edit ....................... admin.social.edit › Backend\SocialController@edit
  GET|HEAD        admin/staff ...................................... admin.staff.index › Backend\StaffController@index
  POST            admin/staff ...................................... admin.staff.store › Backend\StaffController@store
  PUT|PATCH       admin/staff/{staff} ............................ admin.staff.update › Backend\StaffController@update
  GET|HEAD        admin/staff/{staff}/edit ........................... admin.staff.edit › Backend\StaffController@edit
  GET|HEAD        admin/stub .............................................................................. admin.stub
  GET|HEAD        admin/subscriber ....................... admin.subscriber.index › Backend\SubscriberController@index
  DELETE          admin/subscriber/delete/{id} admin.subscriber.delete › Backend\SubscriberController@deleteSubscriber
  POST            admin/subscriber/send-mail ...... admin.subscriber.send-mail › Backend\SubscriberController@sendMail
  GET|HEAD        admin/support-chat ............. admin.support-chat.index › Backend\SupportChatAdminController@index
  GET|HEAD        admin/support-chat/attachment/{uuid} admin.support-chat.attachment.download › Backend\SupportChatAd…
  GET|HEAD        admin/support-chat/notifications admin.support-chat.notifications › Backend\SupportChatAdminControl…
  GET|HEAD        admin/support-chat/unread-count admin.support-chat.unread-count › Backend\SupportChatAdminControlle…
  GET|HEAD        admin/support-chat/{conversationId} admin.support-chat.show › Backend\SupportChatAdminController@sh…
  POST            admin/support-chat/{conversationId}/close admin.support-chat.close › Backend\SupportChatAdminContro…
  GET|HEAD        admin/support-chat/{conversationId}/fetch admin.support-chat.fetch › Backend\SupportChatAdminContro…
  POST            admin/support-chat/{conversationId}/reopen admin.support-chat.reopen › Backend\SupportChatAdminCont…
  POST            admin/support-chat/{conversationId}/reply admin.support-chat.reply › Backend\SupportChatAdminContro…
  GET|HEAD        admin/support-ticket/category admin.support-ticket.category.index › Backend\SupportCategoryControll…
  POST            admin/support-ticket/category admin.support-ticket.category.store › Backend\SupportCategoryControll…
  PUT|PATCH       admin/support-ticket/category/{category} admin.support-ticket.category.update › Backend\SupportCate…
  DELETE          admin/support-ticket/category/{category} admin.support-ticket.category.destroy › Backend\SupportCat…
  GET|HEAD        admin/support-ticket/category/{category}/edit admin.support-ticket.category.edit › Backend\SupportC…
  GET|HEAD        admin/support-ticket/close ....... admin.support-ticket.close › Backend\TicketController@closeTicket
  GET|HEAD        admin/support-ticket/history ....... admin.support-ticket.history › Backend\TicketController@history
  GET|HEAD        admin/support-ticket/inprogress admin.support-ticket.inprogress › Backend\TicketController@inprogre…
  GET|HEAD        admin/support-ticket/pending ..... admin.support-ticket.new › Backend\TicketController@pendingTicket
  POST            admin/support-ticket/reply/{ticket} admin.support-ticket.reply › Backend\TicketController@ticketRep…
  GET|HEAD        admin/support-ticket/show/{ticket} . admin.support-ticket.show › Backend\TicketController@ticketShow
  PUT             admin/support-ticket/status-update/{ticket_id} admin.support-ticket.status-update › Backend\TicketC…
  GET|HEAD        admin/system/health ............... admin.system.health.index › Backend\SystemHealthController@index
  POST            admin/system/health-check .... admin.system.healthCheck › Backend\SystemHealthController@healthCheck
  GET|HEAD        admin/system/queues ..................... admin.system.queues › Backend\SystemAdminController@queues
  GET|HEAD        admin/transaction .......................... admin.transaction › Backend\TransactionController@index
  GET|HEAD        admin/two-factor-challenge admin.two-factor-challenge › Backend\Auth\TwoFactorVerificationControlle…
  POST            admin/two-factor-challenge admin. › Backend\Auth\TwoFactorVerificationController@twoFactorAuthentic…
  GET|HEAD        admin/user ......................................... admin.user.index › Backend\UserController@index
  POST            admin/user ......................................... admin.user.store › Backend\UserController@store
  GET|HEAD        admin/user/active ............................ admin.user.active › Backend\UserController@activeUser
  POST            admin/user/feature-status/update admin.user.feature-status.update › Backend\UserManageController@up…
  GET|HEAD        admin/user/kyc-unverified ..... admin.user.kyc-unverified › Backend\UserController@kycUnverifiedUser
  GET|HEAD        admin/user/login/{id} .................. admin.user.login › Backend\UserManageController@loginAsUser
  POST            admin/user/mail-send .................. admin.user.mail-send › Backend\UserManageController@mailSend
  GET|HEAD        admin/user/mail-send/all ....... admin.user.mail-send.all › Backend\UserManageController@mailSendAll
  GET|HEAD        admin/user/manage/{username}/{param?} .. admin.user.manage › Backend\UserManageController@manageUser
  POST            admin/user/password-update/{id} admin.user.password-update › Backend\UserManageController@passwordU…
  POST            admin/user/status-update/{id} . admin.user.status-update › Backend\UserManageController@statusUpdate
  GET|HEAD        admin/user/suspended ................... admin.user.suspended › Backend\UserController@suspendedUser
  GET|HEAD        admin/user/unverified ................ admin.user.unverified › Backend\UserController@unverifiedUser
  POST            admin/user/update-balance ... admin.user.update-balance › Backend\UserManageController@updateBalance
  PUT             admin/user/update-info/{id} ....... admin.user.update-info › Backend\UserManageController@infoUpdate
  POST            admin/user/{id}/convert-to-merchant admin.user.convert-to-merchant › Backend\UserController@convert…
  GET|HEAD        admin/user/{id}/transaction-stats admin.user.transaction-stats › Backend\UserController@transaction…
  PUT|PATCH       admin/user/{user} ................................ admin.user.update › Backend\UserController@update
  DELETE          admin/user/{user} .............................. admin.user.destroy › Backend\UserController@destroy
  GET|HEAD        admin/virtual-card/cardholders admin.virtual-card.cardholders.index › Backend\CardholdersController…
  POST            admin/virtual-card/cardholders/{id}/action admin.virtual-card.cardholders.action › Backend\Cardhold…
  GET|HEAD        admin/virtual-card/fee-settings admin.virtual-card.fee-settings.index › Backend\VirtualCardFeeSetti…
  POST            admin/virtual-card/fee-settings admin.virtual-card.fee-settings.store › Backend\VirtualCardFeeSetti…
  GET|HEAD        admin/virtual-card/fee-settings/create admin.virtual-card.fee-settings.create › Backend\VirtualCard…
  GET|HEAD        admin/virtual-card/fee-settings/{fee_setting} admin.virtual-card.fee-settings.show › Backend\Virtua…
  PUT|PATCH       admin/virtual-card/fee-settings/{fee_setting} admin.virtual-card.fee-settings.update › Backend\Virt…
  DELETE          admin/virtual-card/fee-settings/{fee_setting} admin.virtual-card.fee-settings.destroy › Backend\Vir…
  GET|HEAD        admin/virtual-card/fee-settings/{fee_setting}/edit admin.virtual-card.fee-settings.edit › Backend\V…
  GET|HEAD        admin/virtual-card/list .... admin.virtual-card.list › Backend\VirtualCardController@virtualCardList
  GET|HEAD        admin/virtual-card/provider admin.virtual-card.provider.index › Backend\VirtualCardController@provi…
  GET|HEAD        admin/virtual-card/provider/manage/{id} admin.virtual-card.provider.manage › Backend\VirtualCardCon…
  PUT             admin/virtual-card/provider/update/{provider} admin.virtual-card.provider.update › Backend\VirtualC…
  GET|HEAD        admin/virtual-card/requests/all admin.virtual-card.requests.all › Backend\VirtualCardController@req…
  GET|HEAD        admin/virtual-card/requests/awaiting admin.virtual-card.requests.awaiting › Backend\VirtualCardCont…
  POST            admin/virtual-card/requests/{uuid}/review admin.virtual-card.requests.review › Backend\VirtualCardC…
  POST            admin/virtual-card/update-status admin.virtual-card.update-status › Backend\VirtualCardController@s…
  GET|HEAD        admin/webhook-endpoints ...... admin.webhook-endpoints.index › Admin\WebhookEndpointController@index
  POST            admin/webhook-endpoints ...... admin.webhook-endpoints.store › Admin\WebhookEndpointController@store
  PUT             admin/webhook-endpoints/{id} admin.webhook-endpoints.update › Admin\WebhookEndpointController@update
  DELETE          admin/webhook-endpoints/{id} admin.webhook-endpoints.destroy › Admin\WebhookEndpointController@dest…
  POST            admin/webhook-endpoints/{id}/rotate-secret admin.webhook-endpoints.rotate-secret › Admin\WebhookEnd…
  POST            admin/webhook-endpoints/{id}/test admin.webhook-endpoints.test › Admin\WebhookEndpointController@te…
  GET|HEAD        admin/webhooks ......................... admin.webhooks.index › Backend\WebhookAdminController@index
  GET|HEAD        admin/webhooks/dlqs/{id} ........... admin.webhooks.showDlq › Backend\WebhookAdminController@showDlq
  GET|HEAD        admin/webhooks/events/{id} ..... admin.webhooks.showEvent › Backend\WebhookAdminController@showEvent
  POST            admin/webhooks/reprocess/batch admin.webhooks.reprocessBatch › Backend\WebhookAdminController@repro…
  POST            admin/webhooks/reprocess/single/{id} admin.webhooks.reprocessSingle › Backend\WebhookAdminControlle…
  POST            admin/webhooks/resolve/{id} admin.webhooks.resolveManual › Backend\WebhookAdminController@resolveMa…
  GET|HEAD        admin/withdraw/manual-request admin.withdraw.manual-request › Backend\WithdrawController@manualRequ…
  GET|HEAD        admin/withdraw/method ......... admin.withdraw.method.index › Backend\WithdrawMethodController@index
  POST            admin/withdraw/method ......... admin.withdraw.method.store › Backend\WithdrawMethodController@store
  GET|HEAD        admin/withdraw/method/create admin.withdraw.method.create › Backend\WithdrawMethodController@create
  PUT|PATCH       admin/withdraw/method/{method} admin.withdraw.method.update › Backend\WithdrawMethodController@upda…
  DELETE          admin/withdraw/method/{method} admin.withdraw.method.destroy › Backend\WithdrawMethodController@des…
  GET|HEAD        admin/withdraw/method/{method}/edit admin.withdraw.method.edit › Backend\WithdrawMethodController@e…
  POST            admin/withdraw/request-action admin.withdraw.request-action › Backend\WithdrawController@requestAct…
  GET|HEAD        admin/withdraw/schedule ......... admin.withdraw.schedule › Backend\WithdrawScheduleController@index
  POST            admin/withdraw/schedule-update admin.withdraw.schedule.update › Backend\WithdrawScheduleController@…
  GET|HEAD        api-docs ............................................................................ api-docs.index
  POST            api/admin/webhooks/dead-letters/{id}/reprocess ... api. › Webhook\GatewayWebhookController@reprocess
  GET|HEAD        api/health/live ....................................... api.health.live › HealthCheckController@live
  GET|HEAD        api/health/ready .................................... api.health.ready › HealthCheckController@ready
  POST            api/stripe/issuing/ephemeral-key api.stripe.issuing.ephemeral-key › Api\StripeController@createEphe…
  GET|HEAD        api/v1/balance ............................................... api. › Api\V1\BalanceController@index
  POST            api/v1/charges ............................................... api. › Api\V1\PaymentController@store
  GET|HEAD        api/v1/charges ............................................... api. › Api\V1\PaymentController@index
  GET|HEAD        api/v1/charges/{id} ........................................... api. › Api\V1\PaymentController@show
  POST            api/v1/core/charges .................................. api. › Api\V1\Payments\ChargeController@store
  GET|HEAD        api/v1/core/charges/{id} .............................. api. › Api\V1\Payments\ChargeController@show
  POST            api/v1/customer-subscriptions ................... api. › Api\V1\CustomerSubscriptionController@store
  GET|HEAD        api/v1/customer-subscriptions ................... api. › Api\V1\CustomerSubscriptionController@index
  GET|HEAD        api/v1/customer-subscriptions/{id} ............... api. › Api\V1\CustomerSubscriptionController@show
  POST            api/v1/customer-subscriptions/{id}/cancel ...... api. › Api\V1\CustomerSubscriptionController@cancel
  POST            api/v1/customers ............................................ api. › Api\V1\CustomerController@store
  GET|HEAD        api/v1/customers/{id} ........................................ api. › Api\V1\CustomerController@show
  POST            api/v1/initiate-payment ............................... api. › Api\PaymentController@initiatePayment
  GET|HEAD        api/v1/me ............................................................. api. › Api\MeController@show
  POST            api/v1/payment-methods ........................ api. › Api\V1\Payments\PaymentMethodController@store
  GET|HEAD        api/v1/payment-methods/{id} .................... api. › Api\V1\Payments\PaymentMethodController@show
  POST            api/v1/payments .............................................. api. › Api\V1\PaymentController@store
  GET|HEAD        api/v1/payments .............................................. api. › Api\V1\PaymentController@index
  GET|HEAD        api/v1/payments/{id} .......................................... api. › Api\V1\PaymentController@show
  POST            api/v1/payouts ................................................ api. › Api\V1\PayoutController@store
  GET|HEAD        api/v1/payouts ................................................ api. › Api\V1\PayoutController@index
  POST            api/v1/refunds ................................................ api. › Api\V1\RefundController@store
  POST            api/v1/sessions ..................................... api. › Api\V1\Payments\SessionController@store
  GET|HEAD        api/v1/sessions/{id} ................................. api. › Api\V1\Payments\SessionController@show
  GET|HEAD        api/v1/status ..................................... api. › Frontend\PublicStatusController@getStatus
  GET|HEAD        api/v1/verify-payment/{trxId} ........................... api. › Api\PaymentController@verifyPayment
  POST            api/v1/webhooks/test .......................................... api. › Api\V1\WebhookController@test
  POST            api/webhook/modern/{provider} ........................ api. › Gateway\ModernWebhookController@handle
  POST            api/webhooks/efi ................................ api. › Api\V1\Webhooks\EfiWebhookController@handle
  POST            api/webhooks/gateway/{provider} ..................... api. › Webhook\GatewayWebhookController@handle
  POST            api/webhooks/{gateway} ......................................... api. › Api\WebhookController@handle
  GET|HEAD        blog .................................................................................... blog.index
  GET|HEAD        carreiras ................................................................................ carreiras
  GET|HEAD        changelog ................................................................................ changelog
  POST            contact-submit .................................. contact.submit › Frontend\ContactController@submit
  GET|HEAD        contato .................................................................................... contato
  GET|HEAD        currency-rate/{fromCurrency}/{toCurrency} . get-currency-rate › Common\AppController@getCurrencyRate
  GET|HEAD        docs .............................................. docs.index › Frontend\PublicDocsController@index
  GET|HEAD        docs/autenticacao ........................................................................ docs.auth
  GET|HEAD        docs/openapi .......................................................................... docs.openapi
  GET|HEAD        docs/v1/api-reference docs.v1.api_reference.index › Frontend\PublicDocsController@apiReferenceIndex
  GET|HEAD        docs/v1/api-reference/{endpoint} docs.v1.api_reference.show › Frontend\PublicDocsController@apiRefe…
  GET|HEAD        docs/v1/explorer ...................... docs.v1.explorer › Frontend\PublicDocsController@apiExplorer
  GET|HEAD        docs/v1/migration-guide ........... docs.v1.migration › Frontend\PublicDocsController@migrationGuide
  GET|HEAD        docs/v1/release-notes ........... docs.v1.release_notes › Frontend\PublicDocsController@releaseNotes
  GET|HEAD        docs/v1/resources ............. docs.v1.resources › Frontend\PublicDocsController@developerResources
  GET|HEAD        docs/v1/webhooks/simulator docs.v1.webhook_simulator › Frontend\PublicDocsController@webhookSimulat…
  GET|HEAD        docs/webhooks-intro .................................................................. docs.webhooks
  GET|HEAD        docs/{page} ......................................... docs.show › Frontend\PublicDocsController@show
  GET|HEAD        ecossistema ............................................................................ ecossistema
  GET|HEAD        file/download/{filePath} ............................ file.download › Common\FileController@download
  ANY             home ....................................................... Illuminate\Routing › RedirectController
  GET|HEAD        horizon/api/batches ......... horizon.jobs-batches.index › Laravel\Horizon › BatchesController@index
  POST            horizon/api/batches/retry/{id} horizon.jobs-batches.retry › Laravel\Horizon › BatchesController@ret…
  GET|HEAD        horizon/api/batches/{id} ...... horizon.jobs-batches.show › Laravel\Horizon › BatchesController@show
  GET|HEAD        horizon/api/jobs/completed horizon.completed-jobs.index › Laravel\Horizon › CompletedJobsController…
  GET|HEAD        horizon/api/jobs/failed ... horizon.failed-jobs.index › Laravel\Horizon › FailedJobsController@index
  GET|HEAD        horizon/api/jobs/failed/{id} horizon.failed-jobs.show › Laravel\Horizon › FailedJobsController@show
  GET|HEAD        horizon/api/jobs/pending horizon.pending-jobs.index › Laravel\Horizon › PendingJobsController@index
  POST            horizon/api/jobs/retry/{id} ...... horizon.retry-jobs.show › Laravel\Horizon › RetryController@store
  GET|HEAD        horizon/api/jobs/silenced horizon.silenced-jobs.index › Laravel\Horizon › SilencedJobsController@in…
  GET|HEAD        horizon/api/jobs/{id} .................... horizon.jobs.show › Laravel\Horizon › JobsController@show
  GET|HEAD        horizon/api/masters ..... horizon.masters.index › Laravel\Horizon › MasterSupervisorController@index
  GET|HEAD        horizon/api/metrics/jobs . horizon.jobs-metrics.index › Laravel\Horizon › JobMetricsController@index
  GET|HEAD        horizon/api/metrics/jobs/{id} horizon.jobs-metrics.show › Laravel\Horizon › JobMetricsController@sh…
  GET|HEAD        horizon/api/metrics/queues horizon.queues-metrics.index › Laravel\Horizon › QueueMetricsController@…
  GET|HEAD        horizon/api/metrics/queues/{id} horizon.queues-metrics.show › Laravel\Horizon › QueueMetricsControl…
  GET|HEAD        horizon/api/monitoring ..... horizon.monitoring.index › Laravel\Horizon › MonitoringController@index
  POST            horizon/api/monitoring ..... horizon.monitoring.store › Laravel\Horizon › MonitoringController@store
  GET|HEAD        horizon/api/monitoring/{tag} horizon.monitoring-tag.paginate › Laravel\Horizon › MonitoringControll…
  DELETE          horizon/api/monitoring/{tag} horizon.monitoring-tag.destroy › Laravel\Horizon › MonitoringControlle…
  GET|HEAD        horizon/api/stats ........... horizon.stats.index › Laravel\Horizon › DashboardStatsController@index
  GET|HEAD        horizon/api/workload ........... horizon.workload.index › Laravel\Horizon › WorkloadController@index
  GET|HEAD        horizon/{view?} ............................. horizon.index › Laravel\Horizon › HomeController@index
  GET|POST|HEAD   ipn/{gateway} ........................................ ipn.handle › Frontend\IPNController@handleIPN
  GET|HEAD        languages ........................ languages.index › JoeDixon\Translation › LanguageController@index
  POST            languages ........................ languages.store › JoeDixon\Translation › LanguageController@store
  GET|HEAD        languages/create ............... languages.create › JoeDixon\Translation › LanguageController@create
  POST            languages/{language} languages.translations.update › JoeDixon\Translation › LanguageTranslationCont…
  GET|HEAD        languages/{language}/translations languages.translations.index › JoeDixon\Translation › LanguageTra…
  POST            languages/{language}/translations languages.translations.store › JoeDixon\Translation › LanguageTra…
  GET|HEAD        languages/{language}/translations/create languages.translations.create › JoeDixon\Translation › Lan…
  GET|HEAD        lgpd .......................................................................................... lgpd
  GET|HEAD        locale-set/{locale} ................................. locale-set › Common\LocaleController@setLocale
  GET|HEAD        merchant/forgot-password merchant.password.request › Frontend\Auth\Merchant\PasswordResetLinkContro…
  POST            merchant/forgot-password merchant.password.email › Frontend\Auth\Merchant\PasswordResetLinkControll…
  GET|HEAD        merchant/login ....... merchant.login › Frontend\Auth\Merchant\AuthenticatedSessionController@create
  POST            merchant/login ............. merchant. › Frontend\Auth\Merchant\AuthenticatedSessionController@store
  GET|HEAD        merchant/register ....... merchant.register › Frontend\Auth\Merchant\RegisteredUserController@create
  POST            merchant/register ................ merchant. › Frontend\Auth\Merchant\RegisteredUserController@store
  POST            merchant/reset-password merchant.password.store › Frontend\Auth\Merchant\NewPasswordController@store
  GET|HEAD        merchant/reset-password/{token} merchant.password.reset › Frontend\Auth\Merchant\NewPasswordControl…
  GET|HEAD        pay/{slug} ................... payment-links.public.show › Frontend\PublicPaymentLinkController@show
  POST            pay/{slug} ............... payment-links.public.submit › Frontend\PublicPaymentLinkController@submit
  GET|HEAD        payment/checkout payment.checkout › Frontend\MerchantPaymentReceiveController@paymentCheckoutSigned
  POST            payment/complete ...... payment.complete › Frontend\MerchantPaymentReceiveController@completePayment
  GET|HEAD        payment/pay/{merchant}/{token} payment.pay › Frontend\MerchantPaymentReceiveController@paymentCheck…
  POST            payment/process ......... payment.process › Frontend\MerchantPaymentReceiveController@processPayment
  GET|HEAD        payment/wallet-pay/{token} payment.wallet.pay › Frontend\MerchantPaymentReceiveController@walletPay…
  GET|POST|HEAD   payment/with-account payment.with.account › Frontend\MerchantPaymentReceiveController@payWithAccount
  GET|HEAD        precos ...................................................................................... precos
  GET|HEAD        privacidade ............................................................................ privacidade
  GET|HEAD        sanctum/csrf-cookie .............. sanctum.csrf-cookie › Laravel\Sanctum › CsrfCookieController@show
  GET|HEAD        seguranca ................................................................................ seguranca
  GET|HEAD        sobre-nos .................................................................................... sobre
  GET|HEAD        status .............................................. status › Frontend\SystemStatusController@index
  GET|POST|HEAD   status/callback ............................... status.callback › Frontend\StatusController@callback
  GET|POST|HEAD   status/cancel ..................................... status.cancel › Frontend\StatusController@cancel
  GET|POST|HEAD   status/pending .................................. status.pending › Frontend\StatusController@pending
  GET|POST|HEAD   status/success .................................. status.success › Frontend\StatusController@success
  POST            subscribe ......................................... subscribe.submit › Frontend\SubscriberController
  POST            summernote/image-delete .......... summernote.image-delete › Common\SummernoteController@imageDelete
  POST            summernote/image-upload .......... summernote.image-upload › Common\SummernoteController@imageUpload
  GET|HEAD        termos ...................................................................................... termos
  GET|HEAD        up ................................................................................................. 
  POST            user/2fa/disable ........................ user.2fa.disable › Frontend\TwoFactorController@disable2fa
  POST            user/2fa/enable ........................... user.2fa.enable › Frontend\TwoFactorController@enable2fa
  GET|HEAD        user/2fa/setup ......................... user.2fa.setup › Frontend\TwoFactorController@showSetupForm
  GET|HEAD        user/assinaturas . user.subscriptions.index › Frontend\CustomerSubscriptionDashboardController@index
  GET|HEAD        user/assinaturas/{id} user.subscriptions.show › Frontend\CustomerSubscriptionDashboardController@sh…
  POST            user/assinaturas/{id}/cancel user.subscriptions.cancel › Frontend\CustomerSubscriptionDashboardCont…
  GET|HEAD        user/billing ................................. user.billing.index › User\UserBillingController@index
  GET|HEAD        user/boletos ......................................... user.boleto.index › Frontend\BoletoController
  POST            user/boletos/{charge}/segunda-via ... user.boleto.second-copy › Frontend\BoletoController@secondCopy
  GET|HEAD        user/cartoes .................................................................... user.card.redirect
  GET|HEAD        user/charge/create ........................... user.charge.create › Frontend\ChargeController@create
  GET|HEAD        user/charge/index .............................. user.charge.index › Frontend\ChargeController@index
  POST            user/charge/store .............................. user.charge.store › Frontend\ChargeController@store
  GET|HEAD        user/charge/{id} ................................. user.charge.show › Frontend\ChargeController@show
  GET|HEAD        user/clientes .............................. user.customer.index › Frontend\CustomerController@index
  GET|HEAD        user/confirm-password .......... password.confirm › Frontend\Auth\ConfirmablePasswordController@show
  POST            user/confirm-password ............................ Frontend\Auth\ConfirmablePasswordController@store
  GET|HEAD        user/connect ............ user.connect.dashboard › Merchant\Connect\ConnectDashboardController@index
  GET|HEAD        user/connect/alerts ...... user.connect.alerts.index › Merchant\Connect\ConnectAlertController@index
  POST            user/connect/alerts ...... user.connect.alerts.store › Merchant\Connect\ConnectAlertController@store
  GET|HEAD        user/connect/alerts/create user.connect.alerts.create › Merchant\Connect\ConnectAlertController@cre…
  GET|HEAD        user/connect/alerts/{alert} user.connect.alerts.show › Merchant\Connect\ConnectAlertController@show
  PUT|PATCH       user/connect/alerts/{alert} user.connect.alerts.update › Merchant\Connect\ConnectAlertController@up…
  DELETE          user/connect/alerts/{alert} user.connect.alerts.destroy › Merchant\Connect\ConnectAlertController@d…
  GET|HEAD        user/connect/alerts/{alert}/edit user.connect.alerts.edit › Merchant\Connect\ConnectAlertController…
  GET|HEAD        user/connect/analytics .. user.connect.analytics › Merchant\Connect\ConnectAnalyticsController@index
  GET|HEAD        user/connect/campaigns user.connect.campaigns.index › Merchant\Connect\ConnectCampaignController@in…
  POST            user/connect/campaigns user.connect.campaigns.store › Merchant\Connect\ConnectCampaignController@st…
  GET|HEAD        user/connect/campaigns/create user.connect.campaigns.create › Merchant\Connect\ConnectCampaignContr…
  GET|HEAD        user/connect/campaigns/{campaign} user.connect.campaigns.show › Merchant\Connect\ConnectCampaignCon…
  PUT|PATCH       user/connect/campaigns/{campaign} user.connect.campaigns.update › Merchant\Connect\ConnectCampaignC…
  DELETE          user/connect/campaigns/{campaign} user.connect.campaigns.destroy › Merchant\Connect\ConnectCampaign…
  GET|HEAD        user/connect/campaigns/{campaign}/edit user.connect.campaigns.edit › Merchant\Connect\ConnectCampai…
  GET|HEAD        user/connect/contacts user.connect.contacts.index › Merchant\Connect\ConnectContactController@index
  POST            user/connect/contacts user.connect.contacts.store › Merchant\Connect\ConnectContactController@store
  GET|HEAD        user/connect/contacts/create user.connect.contacts.create › Merchant\Connect\ConnectContactControll…
  GET|HEAD        user/connect/contacts/{contact} user.connect.contacts.show › Merchant\Connect\ConnectContactControl…
  PUT|PATCH       user/connect/contacts/{contact} user.connect.contacts.update › Merchant\Connect\ConnectContactContr…
  DELETE          user/connect/contacts/{contact} user.connect.contacts.destroy › Merchant\Connect\ConnectContactCont…
  GET|HEAD        user/connect/contacts/{contact}/edit user.connect.contacts.edit › Merchant\Connect\ConnectContactCo…
  GET|HEAD        user/connect/dlq .............. user.connect.dlq.index › Merchant\Connect\ConnectDlqController@index
  GET|HEAD        user/connect/dlq/export ..... user.connect.dlq.export › Merchant\Connect\ConnectDlqController@export
  POST            user/connect/dlq/{id}/reprocess user.connect.dlq.reprocess › Merchant\Connect\ConnectDlqController@…
  GET|HEAD        user/connect/journeys user.connect.journeys.index › Merchant\Connect\ConnectJourneyController@index
  POST            user/connect/journeys user.connect.journeys.store › Merchant\Connect\ConnectJourneyController@store
  GET|HEAD        user/connect/journeys/create user.connect.journeys.create › Merchant\Connect\ConnectJourneyControll…
  GET|HEAD        user/connect/journeys/{id}/builder user.connect.journeys.builder › Merchant\Connect\ConnectJourneyC…
  POST            user/connect/journeys/{id}/publish user.connect.journeys.publish › Merchant\Connect\ConnectJourneyC…
  GET|HEAD        user/connect/journeys/{journey} user.connect.journeys.show › Merchant\Connect\ConnectJourneyControl…
  PUT|PATCH       user/connect/journeys/{journey} user.connect.journeys.update › Merchant\Connect\ConnectJourneyContr…
  DELETE          user/connect/journeys/{journey} user.connect.journeys.destroy › Merchant\Connect\ConnectJourneyCont…
  GET|HEAD        user/connect/journeys/{journey}/edit user.connect.journeys.edit › Merchant\Connect\ConnectJourneyCo…
  GET|HEAD        user/connect/providers user.connect.providers.index › Merchant\Connect\ConnectProviderController@in…
  POST            user/connect/providers user.connect.providers.store › Merchant\Connect\ConnectProviderController@st…
  GET|HEAD        user/connect/providers/create user.connect.providers.create › Merchant\Connect\ConnectProviderContr…
  POST            user/connect/providers/{id}/test user.connect.providers.test › Merchant\Connect\ConnectProviderCont…
  GET|HEAD        user/connect/providers/{provider} user.connect.providers.show › Merchant\Connect\ConnectProviderCon…
  PUT|PATCH       user/connect/providers/{provider} user.connect.providers.update › Merchant\Connect\ConnectProviderC…
  DELETE          user/connect/providers/{provider} user.connect.providers.destroy › Merchant\Connect\ConnectProvider…
  GET|HEAD        user/connect/providers/{provider}/edit user.connect.providers.edit › Merchant\Connect\ConnectProvid…
  GET|HEAD        user/connect/segments user.connect.segments.index › Merchant\Connect\ConnectSegmentController@index
  POST            user/connect/segments user.connect.segments.store › Merchant\Connect\ConnectSegmentController@store
  GET|HEAD        user/connect/segments/create user.connect.segments.create › Merchant\Connect\ConnectSegmentControll…
  POST            user/connect/segments/preview user.connect.segments.preview › Merchant\Connect\ConnectSegmentContro…
  GET|HEAD        user/connect/segments/{segment} user.connect.segments.show › Merchant\Connect\ConnectSegmentControl…
  PUT|PATCH       user/connect/segments/{segment} user.connect.segments.update › Merchant\Connect\ConnectSegmentContr…
  DELETE          user/connect/segments/{segment} user.connect.segments.destroy › Merchant\Connect\ConnectSegmentCont…
  GET|HEAD        user/connect/segments/{segment}/edit user.connect.segments.edit › Merchant\Connect\ConnectSegmentCo…
  GET|HEAD        user/connect/settings user.connect.settings.index › Merchant\Connect\ConnectSettingController@index
  GET|HEAD        user/connect/templates user.connect.templates.index › Merchant\Connect\ConnectTemplateController@in…
  POST            user/connect/templates user.connect.templates.store › Merchant\Connect\ConnectTemplateController@st…
  GET|HEAD        user/connect/templates/create user.connect.templates.create › Merchant\Connect\ConnectTemplateContr…
  GET|HEAD        user/connect/templates/{template} user.connect.templates.show › Merchant\Connect\ConnectTemplateCon…
  PUT|PATCH       user/connect/templates/{template} user.connect.templates.update › Merchant\Connect\ConnectTemplateC…
  DELETE          user/connect/templates/{template} user.connect.templates.destroy › Merchant\Connect\ConnectTemplate…
  GET|HEAD        user/connect/templates/{template}/edit user.connect.templates.edit › Merchant\Connect\ConnectTempla…
  GET|HEAD        user/credentials ........................... user.credentials › Frontend\CredentialsController@index
  GET|HEAD        user/credentials/change/{lang?} ................. user.lang › Frontend\HomeController@changeLanguage
  GET|HEAD        user/credentials/docs ..................................... user.docs › Frontend\HomeController@docs
  GET|HEAD        user/credentials/health ...................................................................... user.
  POST            user/credentials/webhook ... user.credentials.webhook › Frontend\CredentialsController@updateWebhook
  GET|HEAD        user/dashboard ................................. user.dashboard › Frontend\DashboardController@index
  GET|HEAD        user/deposit/create ........................ user.deposit.create › Frontend\DepositController@create
  GET|HEAD        user/deposit/credentials/{method_id} user.deposit.credentials › Frontend\DepositController@credenti…
  GET|HEAD        user/deposit/history ..................... user.deposit.history › Frontend\DepositController@history
  POST            user/deposit/store ........................... user.deposit.store › Frontend\DepositController@store
  GET|HEAD        user/developer ................................................................ user.developer.index
  GET|HEAD        user/developer/api-keys ...... user.developer.api-keys.index › User\Developer\ApiKeyController@index
  POST            user/developer/api-keys ...... user.developer.api-keys.store › User\Developer\ApiKeyController@store
  POST            user/developer/api-keys/{id}/revoke user.developer.api-keys.revoke › User\Developer\ApiKeyControlle…
  POST            user/developer/api-keys/{id}/rotate user.developer.api-keys.rotate › User\Developer\ApiKeyControlle…
  GET|HEAD        user/developer/docs .............. user.developer.docs.index › User\Developer\SandboxController@docs
  GET|HEAD        user/developer/logs .............. user.developer.logs.index › User\Developer\ApiLogController@index
  GET|HEAD        user/developer/logs/{id} ........... user.developer.logs.show › User\Developer\ApiLogController@show
  GET|HEAD        user/developer/sandbox ....... user.developer.sandbox.index › User\Developer\SandboxController@index
  GET|HEAD        user/developer/webhooks ..... user.developer.webhooks.index › User\Developer\WebhookController@index
  POST            user/developer/webhooks ..... user.developer.webhooks.store › User\Developer\WebhookController@store
  POST            user/developer/webhooks/delivery/{id}/retry user.developer.webhooks.delivery.retry › User\Developer…
  GET|HEAD        user/developer/webhooks/{id} .. user.developer.webhooks.show › User\Developer\WebhookController@show
  POST            user/developer/webhooks/{id}/test user.developer.webhooks.test › User\Developer\WebhookController@t…
  GET|HEAD        user/disputes ................................... user.disputes.index › User\DisputeController@index
  GET|HEAD        user/disputes/{uuid} .............................. user.disputes.show › User\DisputeController@show
  POST            user/disputes/{uuid}/evidence/{evidence_id} user.disputes.evidence.upload › User\DisputeController@…
  POST            user/disputes/{uuid}/message ....... user.disputes.message.send › User\DisputeController@sendMessage
  POST            user/email/verification-notification verification.send › Frontend\Auth\EmailVerificationNotificatio…
  GET|HEAD        user/forgot-password . user.password.request › Frontend\Auth\User\PasswordResetLinkController@create
  POST            user/forgot-password .... user.password.email › Frontend\Auth\User\PasswordResetLinkController@store
  POST            user/kyc/submit ....................... user.kyc.submit › Frontend\KycSubmissionController@kycSubmit
  GET|HEAD        user/kyc/template/details/{id} user.kyc.template.details › Frontend\KycSubmissionController@templat…
  GET|HEAD        user/kyc/verify ....................... user.kyc.verify › Frontend\KycSubmissionController@kycVerify
  GET|HEAD        user/login ................... user.login › Frontend\Auth\User\AuthenticatedSessionController@create
  POST            user/login ......................... user. › Frontend\Auth\User\AuthenticatedSessionController@store
  POST            user/logout .......................... logout › Frontend\Auth\AuthenticatedSessionController@destroy
  ANY             user/merchant/{any?} ......................................................................... user.
  GET|HEAD        user/notifications .............. user.notifications.index › User\NotificationCenterController@index
  POST            user/notifications/read-all user.notifications.read-all › User\NotificationCenterController@markAll…
  POST            user/notifications/{id}/read user.notifications.markAsRead › User\NotificationCenterController@mark…
  PUT             user/password ............................ password.update › Frontend\Auth\PasswordController@update
  GET|HEAD        user/payment-links ................. user.payment-links.index › Frontend\PaymentLinkController@index
  POST            user/payment-links/charges user.payment-links.charges.store › Frontend\PaymentLinkController@storeC…
  GET|HEAD        user/payment-links/charges/create user.payment-links.charges.create › Frontend\PaymentLinkController
  GET|HEAD        user/payment-links/create ........ user.payment-links.create › Frontend\PaymentLinkController@create
  POST            user/payment-links/store ........... user.payment-links.store › Frontend\PaymentLinkController@store
  POST            user/payment-links/subscriptions user.payment-links.subscriptions.store › Frontend\PaymentLinkContr…
  GET|HEAD        user/payment-links/subscriptions/create user.payment-links.subscriptions.create › Frontend\PaymentL…
  GET|HEAD        user/payment-links/{paymentLink} ..... user.payment-links.show › Frontend\PaymentLinkController@show
  POST            user/payment-links/{paymentLink}/cancel user.payment-links.cancel › Frontend\PaymentLinkController@…
  GET|HEAD        user/pix ......................................................................... user.pix.redirect
  GET|HEAD        user/pix-keys ........................... user.pix-keys.index › Frontend\User\PixKeyController@index
  POST            user/pix-keys/store ..................... user.pix-keys.store › Frontend\User\PixKeyController@store
  POST            user/pix-keys/{id}/destroy .......... user.pix-keys.destroy › Frontend\User\PixKeyController@destroy
  POST            user/pix-keys/{id}/set-primary user.pix-keys.set-primary › Frontend\User\PixKeyController@setPrimary
  GET|HEAD        user/rank-showcase ....................... user.rank.showcase › Frontend\UserRankController@showcase
  GET|HEAD        user/referral/index ........................ user.referral.index › Frontend\ReferralController@index
  GET|HEAD        user/register ................... user.register › Frontend\Auth\User\RegisteredUserController@create
  POST            user/register ............................ user. › Frontend\Auth\User\RegisteredUserController@store
  POST            user/reset-password ........... user.password.store › Frontend\Auth\User\NewPasswordController@store
  GET|HEAD        user/reset-password/{token} .. user.password.reset › Frontend\Auth\User\NewPasswordController@create
  GET|HEAD        user/send-money/create ................ user.send-money.create › Frontend\SendMoneyController@create
  POST            user/send-money/store ................... user.send-money.store › Frontend\SendMoneyController@store
  GET|HEAD        user/settings/account ................... user.settings.account › Frontend\SettingController@account
  GET|HEAD        user/settings/change-password user.settings.password.change › Frontend\SettingController@changePass…
  GET|HEAD        user/settings/google-2fa ........... user.settings.google-2fa › Frontend\SettingController@google2fa
  POST            user/settings/google-2fa-store user.settings.google-2fa.store › Frontend\SettingController@google2f…
  POST            user/settings/password-update user.settings.password.update › Frontend\SettingController@passwordUp…
  GET|HEAD        user/settings/profile ................... user.settings.profile › Frontend\SettingController@profile
  POST            user/settings/profile-update user.settings.profile.update › Frontend\SettingController@profileUpdate
  GET|HEAD        user/settings/verify-email ..... user.settings.verify-email › Frontend\SettingController@verifyEmail
  GET|HEAD        user/subscriptions ..................................................... user.subscriptions.redirect
  GET|HEAD        user/support-chat/attachment/{uuid} user.support-chat.attachment.download › Frontend\SupportChatCon…
  GET|HEAD        user/support-chat/conversations/{id} user.support-chat.conversations.show › Frontend\SupportChatCon…
  GET|HEAD        user/support-chat/messages .... user.support-chat.messages › Frontend\SupportChatController@messages
  POST            user/support-chat/send ................ user.support-chat.send › Frontend\SupportChatController@send
  GET|HEAD        user/support-chat/state ............. user.support-chat.state › Frontend\SupportChatController@state
  GET|HEAD        user/support-chat/unread-count user.support-chat.unread-count › Frontend\SupportChatController@unre…
  GET|HEAD        user/support-ticket .................... user.support-ticket.index › Frontend\TicketController@index
  GET|HEAD        user/support-ticket/close/{ticket} ..... user.support-ticket.close › Frontend\TicketController@close
  GET|HEAD        user/support-ticket/create ........... user.support-ticket.create › Frontend\TicketController@create
  POST            user/support-ticket/reply/{ticket} ..... user.support-ticket.reply › Frontend\TicketController@reply
  GET|HEAD        user/support-ticket/show/{ticket} ........ user.support-ticket.show › Frontend\TicketController@show
  POST            user/support-ticket/store .............. user.support-ticket.store › Frontend\TicketController@store
  POST            user/transaction-password/store user.transaction-password.store › User\TransactionPasswordControlle…
  POST            user/transaction-password/update user.transaction-password.update › User\TransactionPasswordControl…
  POST            user/transaction/action ...... user.transaction.action › Frontend\TransactionController@handleAction
  GET|HEAD        user/transaction/download-pdf/{trx_id} user.transaction.download-pdf › Frontend\TransactionControll…
  GET|HEAD        user/transaction/index ............... user.transaction.index › Frontend\TransactionController@index
  GET|HEAD        user/transferencias ........................ user.transfer.index › Frontend\TransferController@index
  GET|HEAD        user/two-factor-challenge user.two-factor-challenge › Frontend\Auth\TwoFactorVerificationController…
  POST            user/two-factor-challenge user.two-factor-authenticate › Frontend\Auth\TwoFactorVerificationControl…
  GET|HEAD        user/verify-email ............ verification.notice › Frontend\Auth\EmailVerificationPromptController
  GET|HEAD        user/verify-email/{id}/{hash} ............ verification.verify › Frontend\Auth\VerifyEmailController
  POST            user/wallet/create ........................... user.wallet.create › Frontend\WalletController@create
  GET|HEAD        user/wallet/currency-info/{currency_id} user.wallet.currency-info › Frontend\WalletController@curre…
  GET|HEAD        user/wallet/info/{role}/{wallet_id} ..... user.wallet.info › Frontend\WalletController@getWalletInfo
  GET|HEAD        user/wallet/list ............................... user.wallet.index › Frontend\WalletController@index
  POST            user/wallet/status ........................... user.wallet.status › Frontend\WalletController@status
  GET|HEAD        user/wallet/supported-payment-methods/{wallet_id} user.wallet.supported-payment-methods › Frontend\…
  GET|HEAD        user/wallet/validate-recipient/{role}/{emailOrWalletId} user.wallet.validate.recipient › Frontend\W…
  GET|HEAD        user/withdraw/account ....... user.withdraw.account.index › Frontend\WithdrawAccountController@index
  POST            user/withdraw/account ....... user.withdraw.account.store › Frontend\WithdrawAccountController@store
  GET|HEAD        user/withdraw/account-info/{id} user.withdraw.account.info › Frontend\WithdrawAccountController@acc…
  GET|HEAD        user/withdraw/account/create user.withdraw.account.create › Frontend\WithdrawAccountController@crea…
  PUT|PATCH       user/withdraw/account/{account} user.withdraw.account.update › Frontend\WithdrawAccountController@u…
  GET|HEAD        user/withdraw/account/{account}/edit user.withdraw.account.edit › Frontend\WithdrawAccountControlle…
  GET|HEAD        user/withdraw/create ............................ user.withdraw.create › Frontend\WithdrawController
  GET|HEAD        user/withdraw/credentials-fields/{method_id} user.withdraw.credentials.fields › Frontend\WithdrawCo…
  POST            user/withdraw/store ........................ user.withdraw.store › Frontend\WithdrawController@store
  GET|HEAD        {slug} ......................................................... page.view › Frontend\PageController

                                                                                                  Showing [674] routes


--- STDERR ---

