COMMAND: E:\laragon\bin\php\php-8.3.30-Win32-vs16-x64\php.exe artisan about
CWD: E:\projetos\DigiKash v1.0.5\DigiKash v1.0.5\core
EXIT_CODE: 0
--- STDOUT ---

  Environment ........................................................................................................  
  Application Name ......................................................................................... OriginPay  
  Laravel Version ............................................................................................ 11.54.0  
  PHP Version ................................................................................................. 8.3.30  
  Composer Version ................................................................................................. -  
  Environment .................................................................................................. local  
  Debug Mode ................................................................................................. ENABLED  
  URL ...................................................................................................... localhost  
  Maintenance Mode ............................................................................................... OFF  
  Timezone ....................................................................................................... UTC  
  Locale .......................................................................................................... en  

  Cache ..............................................................................................................  
  Config .................................................................................................. NOT CACHED  
  Events .................................................................................................. NOT CACHED  
  Routes .................................................................................................. NOT CACHED  
  Views ....................................................................................................... CACHED  

  Drivers ............................................................................................................  
  Broadcasting ................................................................................................... log  
  Cache ......................................................................................................... file  
  Database ..................................................................................................... pgsql  
  Logs ................................................................................................ stack / single  
  Mail ........................................................................................................... log  
  Queue ..................................................................................................... database  
  Session ....................................................................................................... file  

  Spatie Permissions .................................................................................................  
  Features Enabled ........................................................................................... Default  
  Version ..................................................................................................... 6.25.0  


--- STDERR ---

